#
# There is insufficient memory for the Java Runtime Environment to continue.
# Native memory allocation (malloc) failed to allocate 32744 bytes for Chunk::new
# Possible reasons:
#   The system is out of physical RAM or swap space
#   The process is running with CompressedOops enabled, and the Java Heap may be blocking the growth of the native heap
# Possible solutions:
#   Reduce memory load on the system
#   Increase physical memory or swap space
#   Check if swap backing store is full
#   Decrease Java heap size (-Xmx/-Xms)
#   Decrease number of Java threads
#   Decrease Java thread stack sizes (-Xss)
#   Set larger code cache with -XX:ReservedCodeCacheSize=
#   JVM is running with Zero Based Compressed Oops mode in which the Java heap is
#     placed in the first 32GB address space. The Java Heap base address is the
#     maximum limit for the native heap growth. Please use -XX:HeapBaseMinAddress
#     to set the Java Heap base and to place the Java Heap above 32GB virtual address.
# This output file may be truncated or incomplete.
#
#  Out of Memory Error (arena.cpp:168), pid=5056, tid=5844
#
# JRE version: OpenJDK Runtime Environment (21.0.1+12) (build 21.0.1+12-29)
# Java VM: OpenJDK 64-Bit Server VM (21.0.1+12-29, mixed mode, sharing, tiered, compressed oops, compressed class ptrs, g1 gc, windows-amd64)
# No core dump will be written. Minidumps are not enabled by default on client versions of Windows
#

---------------  S U M M A R Y ------------

Command Line: -Dmaven.multiModuleProjectDirectory=C:\Java OOP\CapWSB-FitnessTracker -Djansi.passthrough=true -Dmaven.home=C:\Program Files\JetBrains\IntelliJ IDEA Community Edition 2023.3.2\plugins\maven\lib\maven3 -Dclassworlds.conf=C:\Program Files\JetBrains\IntelliJ IDEA Community Edition 2023.3.2\plugins\maven\lib\maven3\bin\m2.conf -Dmaven.ext.class.path=C:\Program Files\JetBrains\IntelliJ IDEA Community Edition 2023.3.2\plugins\maven\lib\maven-event-listener.jar -javaagent:C:\Program Files\JetBrains\IntelliJ IDEA Community Edition 2023.3.2\lib\idea_rt.jar=62311:C:\Program Files\JetBrains\IntelliJ IDEA Community Edition 2023.3.2\bin -Dfile.encoding=UTF-8 -Dsun.stdout.encoding=UTF-8 -Dsun.stderr.encoding=UTF-8 org.codehaus.classworlds.Launcher -Didea.version=2023.3.2 test

Host: AMD Ryzen 5 3600 6-Core Processor              , 12 cores, 15G,  Windows 10 , 64 bit Build 19041 (10.0.19041.3636)
Time: Sun May 26 18:25:38 2024  Windows 10 , 64 bit Build 19041 (10.0.19041.3636) elapsed time: 8.174633 seconds (0d 0h 0m 8s)

---------------  T H R E A D  ---------------

Current thread (0x000001901b3292e0):  JavaThread "C2 CompilerThread2" daemon [_thread_in_native, id=5844, stack(0x0000002ac7300000,0x0000002ac7400000) (1024K)]


Current CompileTask:
C2:   8174 8548       4       lombok.core.AST::buildWithField (21 bytes)

Stack: [0x0000002ac7300000,0x0000002ac7400000]
Native frames: (J=compiled Java code, j=interpreted, Vv=VM code, C=native code)
V  [jvm.dll+0x6c9029]
V  [jvm.dll+0x854b81]
V  [jvm.dll+0x856e5e]
V  [jvm.dll+0x857543]
V  [jvm.dll+0x280c06]
V  [jvm.dll+0xc3ead]
V  [jvm.dll+0xc43c3]
V  [jvm.dll+0xc3fd5]
V  [jvm.dll+0x6a5c9c]
V  [jvm.dll+0x5f5761]
V  [jvm.dll+0x5f51f1]
V  [jvm.dll+0x5f4378]
V  [jvm.dll+0x252bef]
V  [jvm.dll+0x24b031]
V  [jvm.dll+0x248fa3]
V  [jvm.dll+0x1c9ca1]
V  [jvm.dll+0x2586b9]
V  [jvm.dll+0x256c9a]
V  [jvm.dll+0x3ef1b6]
V  [jvm.dll+0x7fd728]
V  [jvm.dll+0x6c777d]
C  [ucrtbase.dll+0x21bb2]
C  [KERNEL32.DLL+0x17344]
C  [ntdll.dll+0x526b1]


---------------  P R O C E S S  ---------------

Threads class SMR info:
_java_thread_list=0x000001901ae5a480, length=14, elements={
0x0000018fb2cd55a0, 0x0000018fd4628e10, 0x0000018fd4629ee0, 0x0000018fd462dc50,
0x0000018fd46306c0, 0x0000018fd4631c20, 0x0000018fd4632fd0, 0x0000018fd4637e30,
0x0000018fd463f900, 0x0000018fd47b0190, 0x0000018fd498d000, 0x0000018fd498ea70,
0x000001901a5de800, 0x000001901b3292e0
}

Java Threads: ( => current thread )
  0x0000018fb2cd55a0 JavaThread "main"                              [_thread_in_Java, id=19036, stack(0x0000002ac5f00000,0x0000002ac6000000) (1024K)]
  0x0000018fd4628e10 JavaThread "Reference Handler"          daemon [_thread_blocked, id=1700, stack(0x0000002ac6700000,0x0000002ac6800000) (1024K)]
  0x0000018fd4629ee0 JavaThread "Finalizer"                  daemon [_thread_blocked, id=6936, stack(0x0000002ac6800000,0x0000002ac6900000) (1024K)]
  0x0000018fd462dc50 JavaThread "Signal Dispatcher"          daemon [_thread_blocked, id=14072, stack(0x0000002ac6900000,0x0000002ac6a00000) (1024K)]
  0x0000018fd46306c0 JavaThread "Attach Listener"            daemon [_thread_blocked, id=25348, stack(0x0000002ac6a00000,0x0000002ac6b00000) (1024K)]
  0x0000018fd4631c20 JavaThread "Service Thread"             daemon [_thread_blocked, id=25296, stack(0x0000002ac6b00000,0x0000002ac6c00000) (1024K)]
  0x0000018fd4632fd0 JavaThread "Monitor Deflation Thread"   daemon [_thread_blocked, id=17448, stack(0x0000002ac6c00000,0x0000002ac6d00000) (1024K)]
  0x0000018fd4637e30 JavaThread "C2 CompilerThread0"         daemon [_thread_in_native, id=21312, stack(0x0000002ac6d00000,0x0000002ac6e00000) (1024K)]
  0x0000018fd463f900 JavaThread "C1 CompilerThread0"         daemon [_thread_blocked, id=24684, stack(0x0000002ac6e00000,0x0000002ac6f00000) (1024K)]
  0x0000018fd47b0190 JavaThread "Common-Cleaner"             daemon [_thread_blocked, id=24372, stack(0x0000002ac6f00000,0x0000002ac7000000) (1024K)]
  0x0000018fd498d000 JavaThread "Monitor Ctrl-Break"         daemon [_thread_in_native, id=15844, stack(0x0000002ac7000000,0x0000002ac7100000) (1024K)]
  0x0000018fd498ea70 JavaThread "Notification Thread"        daemon [_thread_blocked, id=19240, stack(0x0000002ac7100000,0x0000002ac7200000) (1024K)]
  0x000001901a5de800 JavaThread "C2 CompilerThread1"         daemon [_thread_in_native, id=26480, stack(0x0000002ac7200000,0x0000002ac7300000) (1024K)]
=>0x000001901b3292e0 JavaThread "C2 CompilerThread2"         daemon [_thread_in_native, id=5844, stack(0x0000002ac7300000,0x0000002ac7400000) (1024K)]
Total: 14

Other Threads:
  0x0000018fd4607c80 VMThread "VM Thread"                           [id=16292, stack(0x0000002ac6600000,0x0000002ac6700000) (1024K)]
  0x0000018fd45ef070 WatcherThread "VM Periodic Task Thread"        [id=27168, stack(0x0000002ac6500000,0x0000002ac6600000) (1024K)]
  0x0000018fb50c6970 WorkerThread "GC Thread#0"                     [id=26644, stack(0x0000002ac6000000,0x0000002ac6100000) (1024K)]
  0x000001901a90c780 WorkerThread "GC Thread#1"                     [id=23236, stack(0x0000002ac7400000,0x0000002ac7500000) (1024K)]
  0x000001901a406370 WorkerThread "GC Thread#2"                     [id=23292, stack(0x0000002ac7500000,0x0000002ac7600000) (1024K)]
  0x000001901a99d160 WorkerThread "GC Thread#3"                     [id=16648, stack(0x0000002ac7600000,0x0000002ac7700000) (1024K)]
  0x000001901a99d500 WorkerThread "GC Thread#4"                     [id=4652, stack(0x0000002ac7700000,0x0000002ac7800000) (1024K)]
  0x000001901a99d8a0 WorkerThread "GC Thread#5"                     [id=25896, stack(0x0000002ac7800000,0x0000002ac7900000) (1024K)]
  0x000001901aa7f9e0 WorkerThread "GC Thread#6"                     [id=10344, stack(0x0000002ac7900000,0x0000002ac7a00000) (1024K)]
  0x000001901ad79e80 WorkerThread "GC Thread#7"                     [id=19068, stack(0x0000002ac7a00000,0x0000002ac7b00000) (1024K)]
  0x000001901ac665c0 WorkerThread "GC Thread#8"                     [id=15484, stack(0x0000002ac7b00000,0x0000002ac7c00000) (1024K)]
  0x000001901aed3400 WorkerThread "GC Thread#9"                     [id=4792, stack(0x0000002ac7c00000,0x0000002ac7d00000) (1024K)]
  0x0000018fb50d7920 ConcurrentGCThread "G1 Main Marker"            [id=17140, stack(0x0000002ac6100000,0x0000002ac6200000) (1024K)]
  0x0000018fb50d8ad0 WorkerThread "G1 Conc#0"                       [id=21556, stack(0x0000002ac6200000,0x0000002ac6300000) (1024K)]
  0x000001901aecfda0 WorkerThread "G1 Conc#1"                       [id=13384, stack(0x0000002ac7d00000,0x0000002ac7e00000) (1024K)]
  0x000001901aed1aa0 WorkerThread "G1 Conc#2"                       [id=22232, stack(0x0000002ac7e00000,0x0000002ac7f00000) (1024K)]
  0x0000018fd44b4500 ConcurrentGCThread "G1 Refine#0"               [id=11032, stack(0x0000002ac6300000,0x0000002ac6400000) (1024K)]
  0x0000018fb512dc40 ConcurrentGCThread "G1 Service"                [id=18324, stack(0x0000002ac6400000,0x0000002ac6500000) (1024K)]
Total: 18

Threads with active compile tasks:
C2 CompilerThread0     8198 8446   !   4       java.lang.ClassLoader::loadClass (121 bytes)
C1 CompilerThread0     8198 8611       2       com.sun.tools.javac.comp.Modules$$Lambda/0x0000018fd63353a8::test (8 bytes)
C2 CompilerThread1     8198 8567   !   4       lombok.javac.JavacAST::drill (146 bytes)
C2 CompilerThread2     8198 8548       4       lombok.core.AST::buildWithField (21 bytes)
Total: 4

VM state: not at safepoint (normal execution)

VM Mutex/Monitor currently owned by a thread: None

Heap address: 0x0000000700e00000, size: 4082 MB, Compressed Oops mode: Zero based, Oop shift amount: 3

CDS archive(s) mapped at: [0x0000018fd5000000-0x0000018fd5c90000-0x0000018fd5c90000), size 13172736, SharedBaseAddress: 0x0000018fd5000000, ArchiveRelocationMode: 1.
Compressed class space mapped at: 0x0000018fd6000000-0x0000019016000000, reserved size: 1073741824
Narrow klass base: 0x0000018fd5000000, Narrow klass shift: 0, Narrow klass range: 0x100000000

GC Precious Log:
 CardTable entry size: 512
 Card Set container configuration: InlinePtr #cards 4 size 8 Array Of Cards #cards 16 size 48 Howl #buckets 8 coarsen threshold 3686 Howl Bitmap #cards 512 size 80 coarsen threshold 460 Card regions per heap region 1 cards per card region 4096
 CPUs: 12 total, 12 available
 Memory: 16320M
 Large Page Support: Disabled
 NUMA Support: Disabled
 Compressed Oops: Enabled (Zero based)
 Heap Region Size: 2M
 Heap Min Capacity: 8M
 Heap Initial Capacity: 256M
 Heap Max Capacity: 4082M
 Pre-touch: Disabled
 Parallel Workers: 10
 Concurrent Workers: 3
 Concurrent Refinement Workers: 10
 Periodic GC: Disabled

Heap:
 garbage-first heap   total 145408K, used 67811K [0x0000000700e00000, 0x0000000800000000)
  region size 2048K, 3 young (6144K), 1 survivors (2048K)
 Metaspace       used 34822K, committed 35392K, reserved 1114112K
  class space    used 3887K, committed 4160K, reserved 1048576K

Heap Regions: E=young(eden), S=young(survivor), O=old, HS=humongous(starts), HC=humongous(continues), CS=collection set, F=free, TAMS=top-at-mark-start, PB=parsable bottom
|   0|0x0000000700e00000, 0x0000000701000000, 0x0000000701000000|100%| O|  |TAMS 0x0000000700e00000| PB 0x0000000700e00000| Untracked 
|   1|0x0000000701000000, 0x0000000701200000, 0x0000000701200000|100%| O|  |TAMS 0x0000000701000000| PB 0x0000000701000000| Untracked 
|   2|0x0000000701200000, 0x0000000701400000, 0x0000000701400000|100%| O|  |TAMS 0x0000000701200000| PB 0x0000000701200000| Untracked 
|   3|0x0000000701400000, 0x0000000701600000, 0x0000000701600000|100%| O|  |TAMS 0x0000000701400000| PB 0x0000000701400000| Untracked 
|   4|0x0000000701600000, 0x0000000701800000, 0x0000000701800000|100%| O|  |TAMS 0x0000000701600000| PB 0x0000000701600000| Untracked 
|   5|0x0000000701800000, 0x0000000701a00000, 0x0000000701a00000|100%| O|  |TAMS 0x0000000701800000| PB 0x0000000701800000| Untracked 
|   6|0x0000000701a00000, 0x0000000701c00000, 0x0000000701c00000|100%| O|  |TAMS 0x0000000701a00000| PB 0x0000000701a00000| Untracked 
|   7|0x0000000701c00000, 0x0000000701e00000, 0x0000000701e00000|100%| O|  |TAMS 0x0000000701c00000| PB 0x0000000701c00000| Untracked 
|   8|0x0000000701e00000, 0x0000000702000000, 0x0000000702000000|100%| O|  |TAMS 0x0000000701e00000| PB 0x0000000701e00000| Untracked 
|   9|0x0000000702000000, 0x0000000702200000, 0x0000000702200000|100%|HS|  |TAMS 0x0000000702000000| PB 0x0000000702000000| Complete 
|  10|0x0000000702200000, 0x0000000702400000, 0x0000000702400000|100%| O|  |TAMS 0x0000000702200000| PB 0x0000000702200000| Untracked 
|  11|0x0000000702400000, 0x0000000702600000, 0x0000000702600000|100%|HS|  |TAMS 0x0000000702400000| PB 0x0000000702400000| Complete 
|  12|0x0000000702600000, 0x0000000702600000, 0x0000000702800000|  0%| F|  |TAMS 0x0000000702600000| PB 0x0000000702600000| Untracked 
|  13|0x0000000702800000, 0x0000000702a00000, 0x0000000702a00000|100%| O|  |TAMS 0x0000000702800000| PB 0x0000000702800000| Untracked 
|  14|0x0000000702a00000, 0x0000000702a00000, 0x0000000702c00000|  0%| F|  |TAMS 0x0000000702a00000| PB 0x0000000702a00000| Untracked 
|  15|0x0000000702c00000, 0x0000000702c00000, 0x0000000702e00000|  0%| F|  |TAMS 0x0000000702c00000| PB 0x0000000702c00000| Untracked 
|  16|0x0000000702e00000, 0x0000000702e00000, 0x0000000703000000|  0%| F|  |TAMS 0x0000000702e00000| PB 0x0000000702e00000| Untracked 
|  17|0x0000000703000000, 0x0000000703000000, 0x0000000703200000|  0%| F|  |TAMS 0x0000000703000000| PB 0x0000000703000000| Untracked 
|  18|0x0000000703200000, 0x0000000703400000, 0x0000000703400000|100%| O|  |TAMS 0x0000000703200000| PB 0x0000000703200000| Untracked 
|  19|0x0000000703400000, 0x0000000703400000, 0x0000000703600000|  0%| F|  |TAMS 0x0000000703400000| PB 0x0000000703400000| Untracked 
|  20|0x0000000703600000, 0x0000000703800000, 0x0000000703800000|100%| O|  |TAMS 0x0000000703600000| PB 0x0000000703600000| Untracked 
|  21|0x0000000703800000, 0x0000000703800000, 0x0000000703a00000|  0%| F|  |TAMS 0x0000000703800000| PB 0x0000000703800000| Untracked 
|  22|0x0000000703a00000, 0x0000000703c00000, 0x0000000703c00000|100%| O|  |TAMS 0x0000000703a00000| PB 0x0000000703a00000| Untracked 
|  23|0x0000000703c00000, 0x0000000703e00000, 0x0000000703e00000|100%| O|  |TAMS 0x0000000703c00000| PB 0x0000000703c00000| Untracked 
|  24|0x0000000703e00000, 0x0000000704000000, 0x0000000704000000|100%| O|  |TAMS 0x0000000703e00000| PB 0x0000000703e00000| Untracked 
|  25|0x0000000704000000, 0x0000000704200000, 0x0000000704200000|100%| O|  |TAMS 0x0000000704000000| PB 0x0000000704000000| Untracked 
|  26|0x0000000704200000, 0x0000000704400000, 0x0000000704400000|100%| O|  |TAMS 0x0000000704200000| PB 0x0000000704200000| Untracked 
|  27|0x0000000704400000, 0x0000000704600000, 0x0000000704600000|100%| O|  |TAMS 0x0000000704400000| PB 0x0000000704400000| Untracked 
|  28|0x0000000704600000, 0x0000000704800000, 0x0000000704800000|100%| O|  |TAMS 0x0000000704600000| PB 0x0000000704600000| Untracked 
|  29|0x0000000704800000, 0x0000000704a00000, 0x0000000704a00000|100%| O|  |TAMS 0x0000000704800000| PB 0x0000000704800000| Untracked 
|  30|0x0000000704a00000, 0x0000000704c00000, 0x0000000704c00000|100%| O|  |TAMS 0x0000000704a00000| PB 0x0000000704a00000| Untracked 
|  31|0x0000000704c00000, 0x0000000704e00000, 0x0000000704e00000|100%| O|  |TAMS 0x0000000704c00000| PB 0x0000000704c00000| Untracked 
|  32|0x0000000704e00000, 0x0000000705000000, 0x0000000705000000|100%| O|  |TAMS 0x0000000704e00000| PB 0x0000000704e00000| Untracked 
|  33|0x0000000705000000, 0x0000000705200000, 0x0000000705200000|100%| O|  |TAMS 0x0000000705000000| PB 0x0000000705000000| Untracked 
|  34|0x0000000705200000, 0x0000000705400000, 0x0000000705400000|100%| O|  |TAMS 0x0000000705200000| PB 0x0000000705200000| Untracked 
|  35|0x0000000705400000, 0x0000000705600000, 0x0000000705600000|100%| O|  |TAMS 0x0000000705400000| PB 0x0000000705400000| Untracked 
|  36|0x0000000705600000, 0x0000000705800000, 0x0000000705800000|100%| O|  |TAMS 0x0000000705600000| PB 0x0000000705600000| Untracked 
|  37|0x0000000705800000, 0x00000007058cbd38, 0x0000000705a00000| 39%| O|  |TAMS 0x0000000705800000| PB 0x0000000705800000| Untracked 
|  38|0x0000000705a00000, 0x0000000705a00000, 0x0000000705c00000|  0%| F|  |TAMS 0x0000000705a00000| PB 0x0000000705a00000| Untracked 
|  39|0x0000000705c00000, 0x0000000705c00000, 0x0000000705e00000|  0%| F|  |TAMS 0x0000000705c00000| PB 0x0000000705c00000| Untracked 
|  40|0x0000000705e00000, 0x0000000705e00000, 0x0000000706000000|  0%| F|  |TAMS 0x0000000705e00000| PB 0x0000000705e00000| Untracked 
|  41|0x0000000706000000, 0x0000000706000000, 0x0000000706200000|  0%| F|  |TAMS 0x0000000706000000| PB 0x0000000706000000| Untracked 
|  42|0x0000000706200000, 0x0000000706200000, 0x0000000706400000|  0%| F|  |TAMS 0x0000000706200000| PB 0x0000000706200000| Untracked 
|  43|0x0000000706400000, 0x0000000706400000, 0x0000000706600000|  0%| F|  |TAMS 0x0000000706400000| PB 0x0000000706400000| Untracked 
|  44|0x0000000706600000, 0x0000000706600000, 0x0000000706800000|  0%| F|  |TAMS 0x0000000706600000| PB 0x0000000706600000| Untracked 
|  45|0x0000000706800000, 0x0000000706800000, 0x0000000706a00000|  0%| F|  |TAMS 0x0000000706800000| PB 0x0000000706800000| Untracked 
|  46|0x0000000706a00000, 0x0000000706a00000, 0x0000000706c00000|  0%| F|  |TAMS 0x0000000706a00000| PB 0x0000000706a00000| Untracked 
|  47|0x0000000706c00000, 0x0000000706c00000, 0x0000000706e00000|  0%| F|  |TAMS 0x0000000706c00000| PB 0x0000000706c00000| Untracked 
|  48|0x0000000706e00000, 0x0000000706e00000, 0x0000000707000000|  0%| F|  |TAMS 0x0000000706e00000| PB 0x0000000706e00000| Untracked 
|  49|0x0000000707000000, 0x0000000707000000, 0x0000000707200000|  0%| F|  |TAMS 0x0000000707000000| PB 0x0000000707000000| Untracked 
|  50|0x0000000707200000, 0x000000070736d0a0, 0x0000000707400000| 71%| S|CS|TAMS 0x0000000707200000| PB 0x0000000707200000| Complete 
|  51|0x0000000707400000, 0x0000000707400000, 0x0000000707600000|  0%| F|  |TAMS 0x0000000707400000| PB 0x0000000707400000| Untracked 
|  52|0x0000000707600000, 0x0000000707600000, 0x0000000707800000|  0%| F|  |TAMS 0x0000000707600000| PB 0x0000000707600000| Untracked 
|  53|0x0000000707800000, 0x0000000707800000, 0x0000000707a00000|  0%| F|  |TAMS 0x0000000707800000| PB 0x0000000707800000| Untracked 
|  54|0x0000000707a00000, 0x0000000707a00000, 0x0000000707c00000|  0%| F|  |TAMS 0x0000000707a00000| PB 0x0000000707a00000| Untracked 
|  55|0x0000000707c00000, 0x0000000707c00000, 0x0000000707e00000|  0%| F|  |TAMS 0x0000000707c00000| PB 0x0000000707c00000| Untracked 
|  56|0x0000000707e00000, 0x0000000707e00000, 0x0000000708000000|  0%| F|  |TAMS 0x0000000707e00000| PB 0x0000000707e00000| Untracked 
|  57|0x0000000708000000, 0x0000000708000000, 0x0000000708200000|  0%| F|  |TAMS 0x0000000708000000| PB 0x0000000708000000| Untracked 
|  58|0x0000000708200000, 0x0000000708200000, 0x0000000708400000|  0%| F|  |TAMS 0x0000000708200000| PB 0x0000000708200000| Untracked 
|  59|0x0000000708400000, 0x0000000708400000, 0x0000000708600000|  0%| F|  |TAMS 0x0000000708400000| PB 0x0000000708400000| Untracked 
|  60|0x0000000708600000, 0x0000000708600000, 0x0000000708800000|  0%| F|  |TAMS 0x0000000708600000| PB 0x0000000708600000| Untracked 
|  61|0x0000000708800000, 0x0000000708800000, 0x0000000708a00000|  0%| F|  |TAMS 0x0000000708800000| PB 0x0000000708800000| Untracked 
|  62|0x0000000708a00000, 0x0000000708a00000, 0x0000000708c00000|  0%| F|  |TAMS 0x0000000708a00000| PB 0x0000000708a00000| Untracked 
|  63|0x0000000708c00000, 0x0000000708c00000, 0x0000000708e00000|  0%| F|  |TAMS 0x0000000708c00000| PB 0x0000000708c00000| Untracked 
|  64|0x0000000708e00000, 0x0000000708e00000, 0x0000000709000000|  0%| F|  |TAMS 0x0000000708e00000| PB 0x0000000708e00000| Untracked 
|  65|0x0000000709000000, 0x0000000709000000, 0x0000000709200000|  0%| F|  |TAMS 0x0000000709000000| PB 0x0000000709000000| Untracked 
|  66|0x0000000709200000, 0x0000000709200000, 0x0000000709400000|  0%| F|  |TAMS 0x0000000709200000| PB 0x0000000709200000| Untracked 
|  67|0x0000000709400000, 0x00000007094cb850, 0x0000000709600000| 39%| E|  |TAMS 0x0000000709400000| PB 0x0000000709400000| Complete 
| 120|0x000000070fe00000, 0x0000000710000000, 0x0000000710000000|100%| E|CS|TAMS 0x000000070fe00000| PB 0x000000070fe00000| Complete 
| 127|0x0000000710c00000, 0x0000000710e00000, 0x0000000710e00000|100%| E|CS|TAMS 0x0000000710c00000| PB 0x0000000710c00000| Complete 
|2040|0x00000007ffe00000, 0x0000000800000000, 0x0000000800000000|100%| O|  |TAMS 0x00000007ffe00000| PB 0x00000007ffe00000| Untracked 

Card table byte_map: [0x0000018fcd200000,0x0000018fcda00000] _byte_map_base: 0x0000018fc99f9000

Marking Bits: (CMBitMap*) 0x0000018fb50c6f80
 Bits: [0x0000018fcda00000, 0x0000018fd19c8000)

Polling page: 0x0000018fb2fa0000

Metaspace:

Usage:
  Non-class:     30.21 MB used.
      Class:      3.80 MB used.
       Both:     34.01 MB used.

Virtual space:
  Non-class space:       64.00 MB reserved,      30.50 MB ( 48%) committed,  1 nodes.
      Class space:        1.00 GB reserved,       4.06 MB ( <1%) committed,  1 nodes.
             Both:        1.06 GB reserved,      34.56 MB (  3%) committed. 

Chunk freelists:
   Non-Class:  1.02 MB
       Class:  11.91 MB
        Both:  12.93 MB

MaxMetaspaceSize: unlimited
CompressedClassSpaceSize: 1.00 GB
Initial GC threshold: 21.00 MB
Current GC threshold: 55.12 MB
CDS: on
 - commit_granule_bytes: 65536.
 - commit_granule_words: 8192.
 - virtual_space_node_default_size: 8388608.
 - enlarge_chunks_in_place: 1.
 - use_allocation_guard: 0.


Internal statistics:

num_allocs_failed_limit: 3.
num_arena_births: 530.
num_arena_deaths: 0.
num_vsnodes_births: 2.
num_vsnodes_deaths: 0.
num_space_committed: 553.
num_space_uncommitted: 0.
num_chunks_returned_to_freelist: 3.
num_chunks_taken_from_freelist: 1824.
num_chunk_merges: 3.
num_chunk_splits: 1282.
num_chunks_enlarged: 966.
num_inconsistent_stats: 0.

CodeHeap 'non-profiled nmethods': size=120000Kb used=4784Kb max_used=5100Kb free=115216Kb
 bounds [0x0000018fc4f80000, 0x0000018fc5490000, 0x0000018fcc4b0000]
CodeHeap 'profiled nmethods': size=120000Kb used=17407Kb max_used=19080Kb free=102592Kb
 bounds [0x0000018fbd4b0000, 0x0000018fbe760000, 0x0000018fc49e0000]
CodeHeap 'non-nmethods': size=5760Kb used=1475Kb max_used=1549Kb free=4285Kb
 bounds [0x0000018fc49e0000, 0x0000018fc4c50000, 0x0000018fc4f80000]
 total_blobs=8320 nmethods=7764 adapters=460
 compilation: enabled
              stopped_count=0, restarted_count=0
 full_count=0

Compilation events (20 events):
Event: 8.143 Thread 0x0000018fd463f900 nmethod 8574 0x0000018fbdb07e10 code [0x0000018fbdb07fc0, 0x0000018fbdb08200]
Event: 8.143 Thread 0x0000018fd463f900 8575   !   3       lombok.javac.HandlerLibrary::handleAnnotation (238 bytes)
Event: 8.145 Thread 0x0000018fd463f900 nmethod 8575 0x0000018fbd4b0010 code [0x0000018fbd4b0500, 0x0000018fbd4b30c0]
Event: 8.145 Thread 0x0000018fd463f900 8576       3       lombok.core.TypeLibrary::toQualifieds (81 bytes)
Event: 8.146 Thread 0x0000018fd463f900 nmethod 8576 0x0000018fbd657510 code [0x0000018fbd6577e0, 0x0000018fbd6588c8]
Event: 8.146 Thread 0x0000018fd463f900 8578       3       lombok.javac.JavacAST::buildAnnotation (37 bytes)
Event: 8.146 Thread 0x0000018fd463f900 nmethod 8578 0x0000018fbda59b10 code [0x0000018fbda59d40, 0x0000018fbda5a710]
Event: 8.146 Thread 0x0000018fd463f900 8579       3       lombok.javac.JavacAST::buildMethod (192 bytes)
Event: 8.148 Thread 0x0000018fd463f900 nmethod 8579 0x0000018fbda07290 code [0x0000018fbda07740, 0x0000018fbda0a7f0]
Event: 8.153 Thread 0x000001901a5de800 nmethod 8563 0x0000018fc5012290 code [0x0000018fc50124c0, 0x0000018fc5013198]
Event: 8.153 Thread 0x000001901a5de800 8567   !   4       lombok.javac.JavacAST::drill (146 bytes)
Event: 8.158 Thread 0x0000018fd463f900 8580       3       java.util.EnumMap$EnumMapIterator::hasNext (64 bytes)
Event: 8.158 Thread 0x0000018fd463f900 nmethod 8580 0x0000018fbd5c9d10 code [0x0000018fbd5c9ec0, 0x0000018fbd5ca148]
Event: 8.162 Thread 0x0000018fd463f900 8581   !   3       java.nio.file.FileTreeWalker::wouldLoop (79 bytes)
Event: 8.163 Thread 0x0000018fd463f900 nmethod 8581 0x0000018fbd631110 code [0x0000018fbd631380, 0x0000018fbd631e20]
Event: 8.163 Thread 0x0000018fd463f900 8582       3       com.sun.tools.javac.file.JavacFileManager$ArchiveContainer$2::preVisitDirectory (10 bytes)
Event: 8.163 Thread 0x0000018fd463f900 nmethod 8582 0x0000018fbd844010 code [0x0000018fbd844200, 0x0000018fbd844620]
Event: 8.163 Thread 0x0000018fd463f900 8583       3       com.sun.tools.javac.file.JavacFileManager$ArchiveContainer$2::preVisitDirectory (24 bytes)
Event: 8.163 Thread 0x0000018fd463f900 nmethod 8583 0x0000018fbd630590 code [0x0000018fbd630760, 0x0000018fbd630a00]
Event: 8.170 Thread 0x0000018fd463f900 8584   !   3       java.lang.StringLatin1::replace (291 bytes)

GC Heap History (20 events):
Event: 0.661 GC heap before
{Heap before GC invocations=0 (full 0):
 garbage-first heap   total 262144K, used 22528K [0x0000000700e00000, 0x0000000800000000)
  region size 2048K, 11 young (22528K), 0 survivors (0K)
 Metaspace       used 6101K, committed 6272K, reserved 1114112K
  class space    used 688K, committed 768K, reserved 1048576K
}
Event: 0.664 GC heap after
{Heap after GC invocations=1 (full 0):
 garbage-first heap   total 262144K, used 4079K [0x0000000700e00000, 0x0000000800000000)
  region size 2048K, 2 young (4096K), 2 survivors (4096K)
 Metaspace       used 6101K, committed 6272K, reserved 1114112K
  class space    used 688K, committed 768K, reserved 1048576K
}
Event: 1.210 GC heap before
{Heap before GC invocations=1 (full 0):
 garbage-first heap   total 262144K, used 36847K [0x0000000700e00000, 0x0000000800000000)
  region size 2048K, 18 young (36864K), 2 survivors (4096K)
 Metaspace       used 10560K, committed 10752K, reserved 1114112K
  class space    used 1233K, committed 1344K, reserved 1048576K
}
Event: 1.215 GC heap after
{Heap after GC invocations=2 (full 0):
 garbage-first heap   total 262144K, used 6483K [0x0000000700e00000, 0x0000000800000000)
  region size 2048K, 2 young (4096K), 2 survivors (4096K)
 Metaspace       used 10560K, committed 10752K, reserved 1114112K
  class space    used 1233K, committed 1344K, reserved 1048576K
}
Event: 3.495 GC heap before
{Heap before GC invocations=2 (full 0):
 garbage-first heap   total 262144K, used 190803K [0x0000000700e00000, 0x0000000800000000)
  region size 2048K, 76 young (155648K), 2 survivors (4096K)
 Metaspace       used 18980K, committed 19264K, reserved 1114112K
  class space    used 2094K, committed 2176K, reserved 1048576K
}
Event: 3.504 GC heap after
{Heap after GC invocations=3 (full 0):
 garbage-first heap   total 262144K, used 19935K [0x0000000700e00000, 0x0000000800000000)
  region size 2048K, 8 young (16384K), 8 survivors (16384K)
 Metaspace       used 18980K, committed 19264K, reserved 1114112K
  class space    used 2094K, committed 2176K, reserved 1048576K
}
Event: 3.848 GC heap before
{Heap before GC invocations=3 (full 0):
 garbage-first heap   total 262144K, used 30175K [0x0000000700e00000, 0x0000000800000000)
  region size 2048K, 15 young (30720K), 8 survivors (16384K)
 Metaspace       used 21209K, committed 21504K, reserved 1114112K
  class space    used 2351K, committed 2496K, reserved 1048576K
}
Event: 3.854 GC heap after
{Heap after GC invocations=4 (full 0):
 garbage-first heap   total 262144K, used 21386K [0x0000000700e00000, 0x0000000800000000)
  region size 2048K, 1 young (2048K), 1 survivors (2048K)
 Metaspace       used 21209K, committed 21504K, reserved 1114112K
  class space    used 2351K, committed 2496K, reserved 1048576K
}
Event: 4.858 GC heap before
{Heap before GC invocations=5 (full 0):
 garbage-first heap   total 81920K, used 80778K [0x0000000700e00000, 0x0000000800000000)
  region size 2048K, 28 young (57344K), 1 survivors (2048K)
 Metaspace       used 27816K, committed 28288K, reserved 1114112K
  class space    used 3107K, committed 3328K, reserved 1048576K
}
Event: 4.870 GC heap after
{Heap after GC invocations=6 (full 0):
 garbage-first heap   total 104448K, used 44419K [0x0000000700e00000, 0x0000000800000000)
  region size 2048K, 10 young (20480K), 10 survivors (20480K)
 Metaspace       used 27816K, committed 28288K, reserved 1114112K
  class space    used 3107K, committed 3328K, reserved 1048576K
}
Event: 5.517 GC heap before
{Heap before GC invocations=6 (full 0):
 garbage-first heap   total 104448K, used 73091K [0x0000000700e00000, 0x0000000800000000)
  region size 2048K, 24 young (49152K), 10 survivors (20480K)
 Metaspace       used 29433K, committed 29824K, reserved 1114112K
  class space    used 3269K, committed 3456K, reserved 1048576K
}
Event: 5.527 GC heap after
{Heap after GC invocations=7 (full 0):
 garbage-first heap   total 104448K, used 45105K [0x0000000700e00000, 0x0000000800000000)
  region size 2048K, 2 young (4096K), 2 survivors (4096K)
 Metaspace       used 29433K, committed 29824K, reserved 1114112K
  class space    used 3269K, committed 3456K, reserved 1048576K
}
Event: 6.057 GC heap before
{Heap before GC invocations=7 (full 0):
 garbage-first heap   total 104448K, used 81969K [0x0000000700e00000, 0x0000000800000000)
  region size 2048K, 21 young (43008K), 2 survivors (4096K)
 Metaspace       used 31233K, committed 31744K, reserved 1114112K
  class space    used 3465K, committed 3712K, reserved 1048576K
}
Event: 6.063 GC heap after
{Heap after GC invocations=8 (full 0):
 garbage-first heap   total 104448K, used 45440K [0x0000000700e00000, 0x0000000800000000)
  region size 2048K, 2 young (4096K), 2 survivors (4096K)
 Metaspace       used 31233K, committed 31744K, reserved 1114112K
  class space    used 3465K, committed 3712K, reserved 1048576K
}
Event: 6.955 GC heap before
{Heap before GC invocations=8 (full 0):
 garbage-first heap   total 104448K, used 86400K [0x0000000700e00000, 0x0000000800000000)
  region size 2048K, 22 young (45056K), 2 survivors (4096K)
 Metaspace       used 33269K, committed 33792K, reserved 1114112K
  class space    used 3721K, committed 3968K, reserved 1048576K
}
Event: 6.968 GC heap after
{Heap after GC invocations=9 (full 0):
 garbage-first heap   total 104448K, used 59392K [0x0000000700e00000, 0x0000000800000000)
  region size 2048K, 3 young (6144K), 3 survivors (6144K)
 Metaspace       used 33269K, committed 33792K, reserved 1114112K
  class space    used 3721K, committed 3968K, reserved 1048576K
}
Event: 7.193 GC heap before
{Heap before GC invocations=9 (full 0):
 garbage-first heap   total 104448K, used 86016K [0x0000000700e00000, 0x0000000800000000)
  region size 2048K, 16 young (32768K), 3 survivors (6144K)
 Metaspace       used 33284K, committed 33856K, reserved 1114112K
  class space    used 3721K, committed 3968K, reserved 1048576K
}
Event: 7.200 GC heap after
{Heap after GC invocations=10 (full 0):
 garbage-first heap   total 104448K, used 69632K [0x0000000700e00000, 0x0000000800000000)
  region size 2048K, 2 young (4096K), 2 survivors (4096K)
 Metaspace       used 33284K, committed 33856K, reserved 1114112K
  class space    used 3721K, committed 3968K, reserved 1048576K
}
Event: 7.464 GC heap before
{Heap before GC invocations=11 (full 0):
 garbage-first heap   total 120832K, used 88064K [0x0000000700e00000, 0x0000000800000000)
  region size 2048K, 11 young (22528K), 2 survivors (4096K)
 Metaspace       used 33306K, committed 33856K, reserved 1114112K
  class space    used 3721K, committed 3968K, reserved 1048576K
}
Event: 7.471 GC heap after
{Heap after GC invocations=12 (full 0):
 garbage-first heap   total 145408K, used 75308K [0x0000000700e00000, 0x0000000800000000)
  region size 2048K, 2 young (4096K), 2 survivors (4096K)
 Metaspace       used 33306K, committed 33856K, reserved 1114112K
  class space    used 3721K, committed 3968K, reserved 1048576K
}

Dll operation events (12 events):
Event: 0.012 Loaded shared library C:\Users\midon\.jdks\openjdk-21.0.1\bin\java.dll
Event: 0.049 Loaded shared library C:\Users\midon\.jdks\openjdk-21.0.1\bin\jsvml.dll
Event: 0.085 Loaded shared library C:\Users\midon\.jdks\openjdk-21.0.1\bin\zip.dll
Event: 0.089 Loaded shared library C:\Users\midon\.jdks\openjdk-21.0.1\bin\instrument.dll
Event: 0.094 Loaded shared library C:\Users\midon\.jdks\openjdk-21.0.1\bin\net.dll
Event: 0.097 Loaded shared library C:\Users\midon\.jdks\openjdk-21.0.1\bin\nio.dll
Event: 0.100 Loaded shared library C:\Users\midon\.jdks\openjdk-21.0.1\bin\zip.dll
Event: 0.112 Loaded shared library C:\Program Files\JetBrains\IntelliJ IDEA Community Edition 2023.3.2\bin\breakgen64.dll
Event: 0.122 Loaded shared library C:\Users\midon\.jdks\openjdk-21.0.1\bin\extnet.dll
Event: 0.223 Loaded shared library C:\Users\midon\.jdks\openjdk-21.0.1\bin\jimage.dll
Event: 0.252 Loaded shared library C:\Users\midon\AppData\Local\Temp\jansi-2.4.0-120b4be0b2285d99-jansi.dll
Event: 0.262 Loaded shared library C:\Users\midon\.jdks\openjdk-21.0.1\bin\verify.dll

Deoptimization events (20 events):
Event: 8.089 Thread 0x0000018fb2cd55a0 Uncommon trap: trap_request=0xffffffde fr.pc=0x0000018fc51bd514 relative=0x0000000000000074
Event: 8.089 Thread 0x0000018fb2cd55a0 Uncommon trap: reason=class_check action=maybe_recompile pc=0x0000018fc51bd514 method=java.util.Collections$UnmodifiableMap.size()I @ 4 c2
Event: 8.089 Thread 0x0000018fb2cd55a0 DEOPT PACKING pc=0x0000018fc51bd514 sp=0x0000002ac5ffc530
Event: 8.089 Thread 0x0000018fb2cd55a0 DEOPT UNPACKING pc=0x0000018fc4a346a2 sp=0x0000002ac5ffc4b8 mode 2
Event: 8.125 Thread 0x0000018fb2cd55a0 DEOPT PACKING pc=0x0000018fbe3862ad sp=0x0000002ac5ffb780
Event: 8.125 Thread 0x0000018fb2cd55a0 DEOPT UNPACKING pc=0x0000018fc4a34e42 sp=0x0000002ac5ffac38 mode 0
Event: 8.128 Thread 0x0000018fb2cd55a0 DEOPT PACKING pc=0x0000018fbe3862ad sp=0x0000002ac5ffc7b0
Event: 8.128 Thread 0x0000018fb2cd55a0 DEOPT UNPACKING pc=0x0000018fc4a34e42 sp=0x0000002ac5ffbc68 mode 0
Event: 8.131 Thread 0x0000018fb2cd55a0 DEOPT PACKING pc=0x0000018fbe3862ad sp=0x0000002ac5ffbb80
Event: 8.131 Thread 0x0000018fb2cd55a0 DEOPT UNPACKING pc=0x0000018fc4a34e42 sp=0x0000002ac5ffb038 mode 0
Event: 8.134 Thread 0x0000018fb2cd55a0 DEOPT PACKING pc=0x0000018fbe3862ad sp=0x0000002ac5ffa440
Event: 8.134 Thread 0x0000018fb2cd55a0 DEOPT UNPACKING pc=0x0000018fc4a34e42 sp=0x0000002ac5ff98f8 mode 0
Event: 8.168 Thread 0x0000018fb2cd55a0 Uncommon trap: trap_request=0xffffffc6 fr.pc=0x0000018fc53ad1e4 relative=0x0000000000000ce4
Event: 8.168 Thread 0x0000018fb2cd55a0 Uncommon trap: reason=bimorphic_or_optimized_type_check action=maybe_recompile pc=0x0000018fc53ad1e4 method=java.util.HashMap.computeIfAbsent(Ljava/lang/Object;Ljava/util/function/Function;)Ljava/lang/Object; @ 142 c2
Event: 8.168 Thread 0x0000018fb2cd55a0 DEOPT PACKING pc=0x0000018fc53ad1e4 sp=0x0000002ac5ffd140
Event: 8.168 Thread 0x0000018fb2cd55a0 DEOPT UNPACKING pc=0x0000018fc4a346a2 sp=0x0000002ac5ffd108 mode 2
Event: 8.168 Thread 0x0000018fb2cd55a0 Uncommon trap: trap_request=0xffffffc6 fr.pc=0x0000018fc53ad1e4 relative=0x0000000000000ce4
Event: 8.168 Thread 0x0000018fb2cd55a0 Uncommon trap: reason=bimorphic_or_optimized_type_check action=maybe_recompile pc=0x0000018fc53ad1e4 method=java.util.HashMap.computeIfAbsent(Ljava/lang/Object;Ljava/util/function/Function;)Ljava/lang/Object; @ 142 c2
Event: 8.168 Thread 0x0000018fb2cd55a0 DEOPT PACKING pc=0x0000018fc53ad1e4 sp=0x0000002ac5ffd140
Event: 8.168 Thread 0x0000018fb2cd55a0 DEOPT UNPACKING pc=0x0000018fc4a346a2 sp=0x0000002ac5ffd108 mode 2

Classes loaded (20 events):
Event: 6.208 Loading class java/lang/invoke/DirectMethodHandle$1
Event: 6.208 Loading class java/lang/invoke/DirectMethodHandle$1 done
Event: 6.383 Loading class java/lang/invoke/MethodHandleImpl$CountingWrapper
Event: 6.383 Loading class java/lang/invoke/MethodHandleImpl$CountingWrapper done
Event: 6.514 Loading class java/util/stream/ReduceOps$2
Event: 6.514 Loading class java/util/stream/ReduceOps$2 done
Event: 6.514 Loading class java/util/stream/ReduceOps$2ReducingSink
Event: 6.514 Loading class java/util/stream/ReduceOps$2ReducingSink done
Event: 6.516 Loading class java/io/DataOutputStream
Event: 6.517 Loading class java/io/DataOutputStream done
Event: 6.554 Loading class java/util/EnumMap$Values
Event: 6.555 Loading class java/util/EnumMap$Values done
Event: 6.555 Loading class java/util/EnumMap$ValueIterator
Event: 6.555 Loading class java/util/EnumMap$ValueIterator done
Event: 6.556 Loading class java/util/WeakHashMap$KeyIterator
Event: 6.556 Loading class java/util/WeakHashMap$KeyIterator done
Event: 6.925 Loading class java/lang/StringLatin1$LinesSpliterator
Event: 6.926 Loading class java/lang/StringLatin1$LinesSpliterator done
Event: 7.519 Loading class jdk/internal/module/IllegalAccessLogger
Event: 7.519 Loading class jdk/internal/module/IllegalAccessLogger done

Classes unloaded (0 events):
No events

Classes redefined (0 events):
No events

Internal exceptions (20 events):
Event: 7.485 Thread 0x0000018fb2cd55a0 Exception <a 'sun/nio/fs/WindowsException'{0x0000000710d97010}> (0x0000000710d97010) 
thrown [s\open\src\hotspot\share\prims\jni.cpp, line 520]
Event: 7.486 Thread 0x0000018fb2cd55a0 Exception <a 'sun/nio/fs/WindowsException'{0x0000000710db2c78}> (0x0000000710db2c78) 
thrown [s\open\src\hotspot\share\prims\jni.cpp, line 520]
Event: 7.486 Thread 0x0000018fb2cd55a0 Exception <a 'sun/nio/fs/WindowsException'{0x0000000710db3680}> (0x0000000710db3680) 
thrown [s\open\src\hotspot\share\prims\jni.cpp, line 520]
Event: 7.487 Thread 0x0000018fb2cd55a0 Exception <a 'sun/nio/fs/WindowsException'{0x0000000710db5ff8}> (0x0000000710db5ff8) 
thrown [s\open\src\hotspot\share\prims\jni.cpp, line 520]
Event: 7.487 Thread 0x0000018fb2cd55a0 Exception <a 'sun/nio/fs/WindowsException'{0x0000000710db6968}> (0x0000000710db6968) 
thrown [s\open\src\hotspot\share\prims\jni.cpp, line 520]
Event: 7.487 Thread 0x0000018fb2cd55a0 Exception <a 'sun/nio/fs/WindowsException'{0x0000000710dc6c30}> (0x0000000710dc6c30) 
thrown [s\open\src\hotspot\share\prims\jni.cpp, line 520]
Event: 7.487 Thread 0x0000018fb2cd55a0 Exception <a 'sun/nio/fs/WindowsException'{0x0000000710ded2f8}> (0x0000000710ded2f8) 
thrown [s\open\src\hotspot\share\prims\jni.cpp, line 520]
Event: 7.487 Thread 0x0000018fb2cd55a0 Exception <a 'sun/nio/fs/WindowsException'{0x0000000710dedd28}> (0x0000000710dedd28) 
thrown [s\open\src\hotspot\share\prims\jni.cpp, line 520]
Event: 7.489 Thread 0x0000018fb2cd55a0 Exception <a 'sun/nio/fs/WindowsException'{0x000000070fe06678}> (0x000000070fe06678) 
thrown [s\open\src\hotspot\share\prims\jni.cpp, line 520]
Event: 7.489 Thread 0x0000018fb2cd55a0 Exception <a 'sun/nio/fs/WindowsException'{0x000000070fe06f88}> (0x000000070fe06f88) 
thrown [s\open\src\hotspot\share\prims\jni.cpp, line 520]
Event: 7.489 Thread 0x0000018fb2cd55a0 Exception <a 'sun/nio/fs/WindowsException'{0x000000070fe29cb0}> (0x000000070fe29cb0) 
thrown [s\open\src\hotspot\share\prims\jni.cpp, line 520]
Event: 7.489 Thread 0x0000018fb2cd55a0 Exception <a 'sun/nio/fs/WindowsException'{0x000000070fe6f280}> (0x000000070fe6f280) 
thrown [s\open\src\hotspot\share\prims\jni.cpp, line 520]
Event: 7.490 Thread 0x0000018fb2cd55a0 Exception <a 'sun/nio/fs/WindowsException'{0x000000070fe6fc50}> (0x000000070fe6fc50) 
thrown [s\open\src\hotspot\share\prims\jni.cpp, line 520]
Event: 7.490 Thread 0x0000018fb2cd55a0 Exception <a 'sun/nio/fs/WindowsException'{0x000000070fe7e7b8}> (0x000000070fe7e7b8) 
thrown [s\open\src\hotspot\share\prims\jni.cpp, line 520]
Event: 7.490 Thread 0x0000018fb2cd55a0 Exception <a 'sun/nio/fs/WindowsException'{0x000000070fe7f268}> (0x000000070fe7f268) 
thrown [s\open\src\hotspot\share\prims\jni.cpp, line 520]
Event: 7.490 Thread 0x0000018fb2cd55a0 Exception <a 'sun/nio/fs/WindowsException'{0x000000070fe81900}> (0x000000070fe81900) 
thrown [s\open\src\hotspot\share\prims\jni.cpp, line 520]
Event: 7.490 Thread 0x0000018fb2cd55a0 Exception <a 'sun/nio/fs/WindowsException'{0x000000070fe86638}> (0x000000070fe86638) 
thrown [s\open\src\hotspot\share\prims\jni.cpp, line 520]
Event: 7.491 Thread 0x0000018fb2cd55a0 Exception <a 'sun/nio/fs/WindowsException'{0x000000070fe870d0}> (0x000000070fe870d0) 
thrown [s\open\src\hotspot\share\prims\jni.cpp, line 520]
Event: 8.156 Thread 0x0000018fb2cd55a0 Exception <a 'sun/nio/fs/WindowsException'{0x00000007074603b8}> (0x00000007074603b8) 
thrown [s\open\src\hotspot\share\prims\jni.cpp, line 520]
Event: 8.157 Thread 0x0000018fb2cd55a0 Exception <a 'sun/nio/fs/WindowsException'{0x0000000707460a60}> (0x0000000707460a60) 
thrown [s\open\src\hotspot\share\prims\jni.cpp, line 520]

ZGC Phase Switch (0 events):
No events

VM Operations (20 events):
Event: 6.376 Executing VM operation: HandshakeAllThreads (Deoptimize)
Event: 6.376 Executing VM operation: HandshakeAllThreads (Deoptimize) done
Event: 6.420 Executing VM operation: ICBufferFull
Event: 6.420 Executing VM operation: ICBufferFull done
Event: 6.515 Executing VM operation: ICBufferFull
Event: 6.515 Executing VM operation: ICBufferFull done
Event: 6.522 Executing VM operation: HandshakeAllThreads (Deoptimize)
Event: 6.522 Executing VM operation: HandshakeAllThreads (Deoptimize) done
Event: 6.946 Executing VM operation: ICBufferFull
Event: 6.946 Executing VM operation: ICBufferFull done
Event: 6.955 Executing VM operation: G1CollectForAllocation (G1 Evacuation Pause)
Event: 6.968 Executing VM operation: G1CollectForAllocation (G1 Evacuation Pause) done
Event: 7.193 Executing VM operation: G1CollectForAllocation (G1 Evacuation Pause)
Event: 7.201 Executing VM operation: G1CollectForAllocation (G1 Evacuation Pause) done
Event: 7.217 Executing VM operation: G1PauseRemark
Event: 7.227 Executing VM operation: G1PauseRemark done
Event: 7.234 Executing VM operation: G1PauseCleanup
Event: 7.235 Executing VM operation: G1PauseCleanup done
Event: 7.464 Executing VM operation: G1CollectForAllocation (G1 Evacuation Pause)
Event: 7.472 Executing VM operation: G1CollectForAllocation (G1 Evacuation Pause) done

Events (20 events):
Event: 7.226 Thread 0x0000018fd4607c80 flushing nmethod 0x0000018fc4fc3710
Event: 7.226 Thread 0x0000018fd4607c80 flushing nmethod 0x0000018fc4fbce10
Event: 7.226 Thread 0x0000018fd4607c80 flushing nmethod 0x0000018fc4fbb890
Event: 7.226 Thread 0x0000018fd4607c80 flushing nmethod 0x0000018fc4fba310
Event: 7.226 Thread 0x0000018fd4607c80 flushing nmethod 0x0000018fc4fb6610
Event: 7.226 Thread 0x0000018fd4607c80 flushing nmethod 0x0000018fc4fb7b10
Event: 7.226 Thread 0x0000018fd4607c80 flushing nmethod 0x0000018fc4fb2290
Event: 7.226 Thread 0x0000018fd4607c80 flushing nmethod 0x0000018fc4f8d610
Event: 7.226 Thread 0x0000018fd4607c80 flushing nmethod 0x0000018fc4fa8290
Event: 7.226 Thread 0x0000018fd4607c80 flushing nmethod 0x0000018fc4f9b810
Event: 7.226 Thread 0x0000018fd4607c80 flushing nmethod 0x0000018fc4f9b510
Event: 7.226 Thread 0x0000018fd4607c80 flushing nmethod 0x0000018fc4f9b110
Event: 7.226 Thread 0x0000018fd4607c80 flushing nmethod 0x0000018fc4f9a310
Event: 7.226 Thread 0x0000018fd4607c80 flushing nmethod 0x0000018fc4f98c10
Event: 7.226 Thread 0x0000018fd4607c80 flushing nmethod 0x0000018fc4f97b10
Event: 7.226 Thread 0x0000018fd4607c80 flushing nmethod 0x0000018fc4f96b10
Event: 7.226 Thread 0x0000018fd4607c80 flushing nmethod 0x0000018fc4f80a10
Event: 7.437 Thread 0x000001901b3292e0 Thread added: 0x000001901b3292e0
Event: 7.686 Thread 0x000001901b3292e0 Thread exited: 0x000001901b3292e0
Event: 8.128 Thread 0x000001901b3292e0 Thread added: 0x000001901b3292e0


Dynamic libraries:
0x00007ff7b6340000 - 0x00007ff7b634e000 	C:\Users\midon\.jdks\openjdk-21.0.1\bin\java.exe
0x00007ffd04a30000 - 0x00007ffd04c28000 	C:\Windows\SYSTEM32\ntdll.dll
0x00007ffd02c50000 - 0x00007ffd02d0d000 	C:\Windows\System32\KERNEL32.DLL
0x00007ffd02170000 - 0x00007ffd02466000 	C:\Windows\System32\KERNELBASE.dll
0x00007ffd026b0000 - 0x00007ffd027b0000 	C:\Windows\System32\ucrtbase.dll
0x00007ffcd5710000 - 0x00007ffcd5728000 	C:\Users\midon\.jdks\openjdk-21.0.1\bin\jli.dll
0x00007ffcd67e0000 - 0x00007ffcd67fb000 	C:\Users\midon\.jdks\openjdk-21.0.1\bin\VCRUNTIME140.dll
0x00007ffd031a0000 - 0x00007ffd0333f000 	C:\Windows\System32\USER32.dll
0x00007ffd02470000 - 0x00007ffd02492000 	C:\Windows\System32\win32u.dll
0x00007ffceb190000 - 0x00007ffceb42a000 	C:\Windows\WinSxS\amd64_microsoft.windows.common-controls_6595b64144ccf1df_6.0.19041.4355_none_60b8b9eb71f62e16\COMCTL32.dll
0x00007ffd046e0000 - 0x00007ffd0470b000 	C:\Windows\System32\GDI32.dll
0x00007ffd03340000 - 0x00007ffd033de000 	C:\Windows\System32\msvcrt.dll
0x00007ffd024a0000 - 0x00007ffd025b7000 	C:\Windows\System32\gdi32full.dll
0x00007ffd025c0000 - 0x00007ffd0265d000 	C:\Windows\System32\msvcp_win.dll
0x00007ffd03f30000 - 0x00007ffd03f62000 	C:\Windows\System32\IMM32.DLL
0x00007ffcdea40000 - 0x00007ffcdea4c000 	C:\Users\midon\.jdks\openjdk-21.0.1\bin\vcruntime140_1.dll
0x00007ffcc20b0000 - 0x00007ffcc213e000 	C:\Users\midon\.jdks\openjdk-21.0.1\bin\msvcp140.dll
0x00007ffcbad40000 - 0x00007ffcbba55000 	C:\Users\midon\.jdks\openjdk-21.0.1\bin\server\jvm.dll
0x00007ffd02ba0000 - 0x00007ffd02c50000 	C:\Windows\System32\ADVAPI32.dll
0x00007ffd04710000 - 0x00007ffd047b0000 	C:\Windows\System32\sechost.dll
0x00007ffd04480000 - 0x00007ffd045a3000 	C:\Windows\System32\RPCRT4.dll
0x00007ffd028d0000 - 0x00007ffd028f7000 	C:\Windows\System32\bcrypt.dll
0x00007ffd03d40000 - 0x00007ffd03dab000 	C:\Windows\System32\WS2_32.dll
0x00007ffd01880000 - 0x00007ffd018cb000 	C:\Windows\SYSTEM32\POWRPROF.dll
0x00007ffcfbea0000 - 0x00007ffcfbec7000 	C:\Windows\SYSTEM32\WINMM.dll
0x00007ffcf9000000 - 0x00007ffcf900a000 	C:\Windows\SYSTEM32\VERSION.dll
0x00007ffd017f0000 - 0x00007ffd01802000 	C:\Windows\SYSTEM32\UMPDC.dll
0x00007ffcfff80000 - 0x00007ffcfff92000 	C:\Windows\SYSTEM32\kernel.appcore.dll
0x00007ffcd9960000 - 0x00007ffcd996a000 	C:\Users\midon\.jdks\openjdk-21.0.1\bin\jimage.dll
0x00007ffcf2b30000 - 0x00007ffcf2d14000 	C:\Windows\SYSTEM32\DBGHELP.DLL
0x00007ffcebb10000 - 0x00007ffcebb44000 	C:\Windows\SYSTEM32\dbgcore.DLL
0x00007ffd020e0000 - 0x00007ffd02162000 	C:\Windows\System32\bcryptPrimitives.dll
0x00007ffcdea80000 - 0x00007ffcdea8f000 	C:\Users\midon\.jdks\openjdk-21.0.1\bin\instrument.dll
0x00007ffcd46a0000 - 0x00007ffcd46bf000 	C:\Users\midon\.jdks\openjdk-21.0.1\bin\java.dll
0x00007ffd033e0000 - 0x00007ffd03b4b000 	C:\Windows\System32\SHELL32.dll
0x00007ffd00180000 - 0x00007ffd0091d000 	C:\Windows\SYSTEM32\windows.storage.dll
0x00007ffd02e40000 - 0x00007ffd03193000 	C:\Windows\System32\combase.dll
0x00007ffd01b00000 - 0x00007ffd01b2e000 	C:\Windows\SYSTEM32\Wldp.dll
0x00007ffd02ad0000 - 0x00007ffd02b9d000 	C:\Windows\System32\OLEAUT32.dll
0x00007ffd02d70000 - 0x00007ffd02e1d000 	C:\Windows\System32\SHCORE.dll
0x00007ffd03ed0000 - 0x00007ffd03f25000 	C:\Windows\System32\shlwapi.dll
0x00007ffd02010000 - 0x00007ffd02034000 	C:\Windows\SYSTEM32\profapi.dll
0x00007ffcbddb0000 - 0x00007ffcbde87000 	C:\Users\midon\.jdks\openjdk-21.0.1\bin\jsvml.dll
0x00007ffcd4530000 - 0x00007ffcd4548000 	C:\Users\midon\.jdks\openjdk-21.0.1\bin\zip.dll
0x00007ffcd7e60000 - 0x00007ffcd7e70000 	C:\Users\midon\.jdks\openjdk-21.0.1\bin\net.dll
0x00007ffcfb260000 - 0x00007ffcfb36a000 	C:\Windows\SYSTEM32\WINHTTP.dll
0x00007ffd01810000 - 0x00007ffd0187a000 	C:\Windows\system32\mswsock.dll
0x00007ffcd5470000 - 0x00007ffcd5486000 	C:\Users\midon\.jdks\openjdk-21.0.1\bin\nio.dll
0x00007ffcd6c70000 - 0x00007ffcd6c8a000 	C:\Program Files\JetBrains\IntelliJ IDEA Community Edition 2023.3.2\bin\breakgen64.dll
0x00007ffcd6aa0000 - 0x00007ffcd6aa7000 	C:\Users\midon\.jdks\openjdk-21.0.1\bin\extnet.dll
0x0000000069ac0000 - 0x0000000069ae4000 	C:\Users\midon\AppData\Local\Temp\jansi-2.4.0-120b4be0b2285d99-jansi.dll
0x00007ffcd6450000 - 0x00007ffcd6460000 	C:\Users\midon\.jdks\openjdk-21.0.1\bin\verify.dll

dbghelp: loaded successfully - version: 4.0.5 - missing functions: none
symbol engine: initialized successfully - sym options: 0x614 - pdb path: .;C:\Users\midon\.jdks\openjdk-21.0.1\bin;C:\Windows\SYSTEM32;C:\Windows\WinSxS\amd64_microsoft.windows.common-controls_6595b64144ccf1df_6.0.19041.4355_none_60b8b9eb71f62e16;C:\Users\midon\.jdks\openjdk-21.0.1\bin\server;C:\Program Files\JetBrains\IntelliJ IDEA Community Edition 2023.3.2\bin;C:\Users\midon\AppData\Local\Temp

VM Arguments:
jvm_args: -Dmaven.multiModuleProjectDirectory=C:\Java OOP\CapWSB-FitnessTracker -Djansi.passthrough=true -Dmaven.home=C:\Program Files\JetBrains\IntelliJ IDEA Community Edition 2023.3.2\plugins\maven\lib\maven3 -Dclassworlds.conf=C:\Program Files\JetBrains\IntelliJ IDEA Community Edition 2023.3.2\plugins\maven\lib\maven3\bin\m2.conf -Dmaven.ext.class.path=C:\Program Files\JetBrains\IntelliJ IDEA Community Edition 2023.3.2\plugins\maven\lib\maven-event-listener.jar -javaagent:C:\Program Files\JetBrains\IntelliJ IDEA Community Edition 2023.3.2\lib\idea_rt.jar=62311:C:\Program Files\JetBrains\IntelliJ IDEA Community Edition 2023.3.2\bin -Dfile.encoding=UTF-8 -Dsun.stdout.encoding=UTF-8 -Dsun.stderr.encoding=UTF-8 
java_command: org.codehaus.classworlds.Launcher -Didea.version=2023.3.2 test
java_class_path (initial): C:\Program Files\JetBrains\IntelliJ IDEA Community Edition 2023.3.2\plugins\maven\lib\maven3\boot\plexus-classworlds-2.7.0.jar;C:\Program Files\JetBrains\IntelliJ IDEA Community Edition 2023.3.2\plugins\maven\lib\maven3\boot\plexus-classworlds.license
Launcher Type: SUN_STANDARD

[Global flags]
     intx CICompilerCount                          = 4                                         {product} {ergonomic}
     uint ConcGCThreads                            = 3                                         {product} {ergonomic}
     uint G1ConcRefinementThreads                  = 10                                        {product} {ergonomic}
   size_t G1HeapRegionSize                         = 2097152                                   {product} {ergonomic}
    uintx GCDrainStackTargetSize                   = 64                                        {product} {ergonomic}
   size_t InitialHeapSize                          = 268435456                                 {product} {ergonomic}
   size_t MarkStackSize                            = 4194304                                   {product} {ergonomic}
   size_t MaxHeapSize                              = 4280287232                                {product} {ergonomic}
   size_t MaxNewSize                               = 2566914048                                {product} {ergonomic}
   size_t MinHeapDeltaBytes                        = 2097152                                   {product} {ergonomic}
   size_t MinHeapSize                              = 8388608                                   {product} {ergonomic}
    uintx NonNMethodCodeHeapSize                   = 5839372                                {pd product} {ergonomic}
    uintx NonProfiledCodeHeapSize                  = 122909434                              {pd product} {ergonomic}
    uintx ProfiledCodeHeapSize                     = 122909434                              {pd product} {ergonomic}
    uintx ReservedCodeCacheSize                    = 251658240                              {pd product} {ergonomic}
     bool SegmentedCodeCache                       = true                                      {product} {ergonomic}
   size_t SoftMaxHeapSize                          = 4280287232                             {manageable} {ergonomic}
     bool UseCompressedOops                        = true                           {product lp64_product} {ergonomic}
     bool UseG1GC                                  = true                                      {product} {ergonomic}
     bool UseLargePagesIndividualAllocation        = false                                  {pd product} {ergonomic}

Logging:
Log output configuration:
 #0: stdout all=warning uptime,level,tags foldmultilines=false
 #1: stderr all=off uptime,level,tags foldmultilines=false

Environment Variables:
PATH=C:\Program Files (x86)\Common Files\Oracle\Java\javapath;C:\Program Files\Python38\Scripts\;C:\Program Files\Python38\;C:\Windows\system32;C:\Windows;C:\Windows\System32\Wbem;C:\Windows\System32\WindowsPowerShell\v1.0\;C:\Windows\System32\OpenSSH\;C:\Program Files\dotnet\;C:\Program Files\Git\cmd;C:\Program Files\Git\mingw64\bin;C:\Program Files\Git\usr\bin;C:\Program Files\MySQL\MySQL Shell 8.0\bin\;C:\Users\midon\AppData\Local\Programs\Python\Python311\Scripts\;C:\Users\midon\AppData\Local\Programs\Python\Python311\;C:\Users\midon\AppData\Local\Microsoft\WindowsApps;C:\Users\midon\AppData\Local\Programs\Microsoft VS Code\bin;C:\Users\midon\AppData\Local\GitHubDesktop\bin
USERNAME=midon
OS=Windows_NT
PROCESSOR_IDENTIFIER=AMD64 Family 23 Model 113 Stepping 0, AuthenticAMD
TMP=C:\Users\midon\AppData\Local\Temp
TEMP=C:\Users\midon\AppData\Local\Temp




Periodic native trim disabled

---------------  S Y S T E M  ---------------

OS:
 Windows 10 , 64 bit Build 19041 (10.0.19041.3636)
OS uptime: 0 days 10:25 hours

CPU: total 12 (initial active 12) (12 cores per cpu, 2 threads per core) family 23 model 113 stepping 0 microcode 0x0, cx8, cmov, fxsr, ht, mmx, 3dnowpref, sse, sse2, sse3, ssse3, sse4a, sse4.1, sse4.2, popcnt, lzcnt, tsc, tscinvbit, avx, avx2, aes, clmul, bmi1, bmi2, adx, sha, fma, vzeroupper, clflush, clflushopt, rdtscp, rdpid, f16c
Processor Information for all 12 processors :
  Max Mhz: 3950, Current Mhz: 3950, Mhz Limit: 3950

Memory: 4k page, system-wide physical 16320M (2739M free)
TotalPageFile size 30929M (AvailPageFile size 1M)
current process WorkingSet (physical memory assigned to process): 368M, peak: 368M
current process commit charge ("private bytes"): 406M, peak: 417M

vm_info: OpenJDK 64-Bit Server VM (21.0.1+12-29) for windows-amd64 JRE (21.0.1+12-29), built on 2023-10-05T13:27:09Z by "mach5one" with MS VC++ 17.1 (VS2022)

END.
